<?xml version="1.0" encoding="UTF-8"?>
<!-- Generated by org.testng.reporters.JUnitXMLReporter -->
<testsuite hostname="STATION04" ignored="0" name="Default test" tests="6" failures="0" timestamp="2019-08-30T15:47:21 SGT" time="77.259" errors="0">
  <testcase name="Test1" time="0.152" classname="demowithJUnit.TR_03"/>
  <testcase name="Test2" time="10.351" classname="demowithJUnit.TR_03"/>
  <testcase name="Test3" time="10.869" classname="demowithJUnit.TR_03"/>
  <testcase name="Test4" time="5.805" classname="demowithJUnit.TR_03"/>
  <testcase name="Test5" time="4.264" classname="demowithJUnit.TR_03"/>
  <testcase name="Test6" time="2.541" classname="demowithJUnit.TR_03"/>
</testsuite> <!-- Default test -->
