<?xml version="1.0" encoding="UTF-8"?>
<!-- Generated by org.testng.reporters.JUnitXMLReporter -->
<testsuite hostname="STATION04" ignored="0" name="Template Review: Checklist #3" tests="6" failures="0" timestamp="2019-08-29T16:26:45 SGT" time="21.85" errors="0">
  <testcase name="Test1" time="0.177" classname="demowithJUnit.TR_03"/>
  <testcase name="Test2" time="5.544" classname="demowithJUnit.TR_03"/>
  <testcase name="Test3" time="4.737" classname="demowithJUnit.TR_03"/>
  <testcase name="Test4" time="4.54" classname="demowithJUnit.TR_03"/>
  <testcase name="Test5" time="3.822" classname="demowithJUnit.TR_03"/>
  <testcase name="Test6" time="2.971" classname="demowithJUnit.TR_03"/>
</testsuite> <!-- Template Review: Checklist #3 -->
