<?xml version="1.0" encoding="UTF-8"?>
<!-- Generated by org.testng.reporters.JUnitXMLReporter -->
<testsuite hostname="STATION04" ignored="0" name="Template Review: Checklist #3" tests="6" failures="0" timestamp="2019-08-29T16:39:14 SGT" time="22.769" errors="0">
  <testcase name="Test1" time="0.244" classname="demowithJUnit.TR_03"/>
  <testcase name="Test2" time="5.262" classname="demowithJUnit.TR_03"/>
  <testcase name="Test3" time="5.018" classname="demowithJUnit.TR_03"/>
  <testcase name="Test4" time="4.427" classname="demowithJUnit.TR_03"/>
  <testcase name="Test5" time="4.46" classname="demowithJUnit.TR_03"/>
  <testcase name="Test6" time="3.29" classname="demowithJUnit.TR_03"/>
</testsuite> <!-- Template Review: Checklist #3 -->
